<?xml version="1.0" encoding="UTF-8"?>
<!-- Generated by org.testng.reporters.JUnitReportReporter -->
<testsuite hostname="DESKTOP-ENJHGFM" failures="0" tests="3" name="testng.dataprovider" time="0.123" errors="0" timestamp="2023-04-26T18:15:33 IST" skipped="0">
  <testcase classname="testng.dataprovider" name="test_login" time="0.093"/>
  <system-out>
    <![CDATA[admin1
manager1]]>
  </system-out>
  <testcase classname="testng.dataprovider" name="test_login" time="0.014"/>
  <system-out>
    <![CDATA[admin2
manager2]]>
  </system-out>
  <testcase classname="testng.dataprovider" name="test_login" time="0.016"/>
  <system-out>
    <![CDATA[admin3
manager3]]>
  </system-out>
</testsuite> <!-- testng.dataprovider -->
