<?xml version="1.0" encoding="UTF-8"?>
<!-- Generated by org.testng.reporters.JUnitReportReporter -->
<testsuite hostname="DESKTOP-ENJHGFM" failures="0" tests="3" name="Integration_testScript.testscript5" time="0.059" errors="0" timestamp="2023-04-26T12:07:09 IST" skipped="0">
  <testcase classname="Integration_testScript.testscript5" name="m1" time="0.017"/>
  <system-out>
    <![CDATA[integration testing testscript-05 valid testing]]>
  </system-out>
  <testcase classname="Integration_testScript.testscript5" name="m2" time="0.018"/>
  <system-out>
    <![CDATA[integration testing testscript-05 invalid testing]]>
  </system-out>
  <testcase classname="Integration_testScript.testscript5" name="m3" time="0.024"/>
  <system-out>
    <![CDATA[integration testing testscript-05 adhoc testing]]>
  </system-out>
</testsuite> <!-- Integration_testScript.testscript5 -->
