<?xml version="1.0" encoding="UTF-8"?>
<!-- Generated by org.testng.reporters.JUnitReportReporter -->
<testsuite hostname="DESKTOP-ENJHGFM" failures="0" tests="3" name="functional_testScript.testscript2" time="0.048" errors="0" timestamp="2023-04-26T12:00:38 IST" skipped="0">
  <testcase classname="functional_testScript.testscript2" name="m1" time="0.022"/>
  <system-out>
    <![CDATA[functional testing testscript-02 valid testing]]>
  </system-out>
  <testcase classname="functional_testScript.testscript2" name="m3" time="0.019"/>
  <system-out>
    <![CDATA[functional testing testscript-02 adhoc testing]]>
  </system-out>
  <testcase classname="functional_testScript.testscript2" name="m2" time="0.007"/>
  <system-out>
    <![CDATA[functional testing testscript-02 invalid testing]]>
  </system-out>
</testsuite> <!-- functional_testScript.testscript2 -->
