<?xml version="1.0" encoding="UTF-8"?>
<!-- Generated by org.testng.reporters.JUnitReportReporter -->
<testsuite hostname="DESKTOP-ENJHGFM" failures="0" tests="3" name="functional_testScript.testscript3" time="0.368" errors="0" timestamp="2023-04-26T12:00:39 IST" skipped="0">
  <testcase classname="functional_testScript.testscript3" name="m1" time="0.171"/>
  <system-out>
    <![CDATA[functional testing testscript-03 valid testing]]>
  </system-out>
  <testcase classname="functional_testScript.testscript3" name="m3" time="0.028"/>
  <system-out>
    <![CDATA[functional testing testscript-03 adhoc testing]]>
  </system-out>
  <testcase classname="functional_testScript.testscript3" name="m2" time="0.169"/>
  <system-out>
    <![CDATA[functional testing testscript-03 invalid testing]]>
  </system-out>
</testsuite> <!-- functional_testScript.testscript3 -->
