<?xml version="1.0" encoding="UTF-8"?>
<!-- Generated by org.testng.reporters.JUnitReportReporter -->
<testsuite hostname="DESKTOP-ENJHGFM" failures="0" tests="3" name="system_testScript.testscript7" time="0.032" errors="0" timestamp="2023-04-26T12:07:09 IST" skipped="0">
  <testcase classname="system_testScript.testscript7" name="m1" time="0.013"/>
  <system-out>
    <![CDATA[System testing testscript-07 valid testing]]>
  </system-out>
  <testcase classname="system_testScript.testscript7" name="m2" time="0.009"/>
  <system-out>
    <![CDATA[system testing testscript-07 invalid testing]]>
  </system-out>
  <testcase classname="system_testScript.testscript7" name="m3" time="0.010"/>
  <system-out>
    <![CDATA[system testing testscript-07 adhoc testing]]>
  </system-out>
</testsuite> <!-- system_testScript.testscript7 -->
