<?xml version="1.0" encoding="UTF-8"?>
<!-- Generated by org.testng.reporters.JUnitReportReporter -->
<testsuite hostname="DESKTOP-ENJHGFM" failures="0" tests="1" name="selenimwithtestng.actitime1" time="37.260" errors="0" timestamp="2023-05-08T12:05:09 IST" skipped="0">
  <testcase classname="selenimwithtestng.actitime1" name="testactimeLogin" time="37.260"/>
  <system-out/>
</testsuite> <!-- selenimwithtestng.actitime1 -->
