<?xml version="1.0" encoding="UTF-8"?>
<!-- Generated by org.testng.reporters.JUnitReportReporter -->
<testsuite hostname="DESKTOP-ENJHGFM" failures="0" tests="4" name="testng.script2" time="0.120" errors="0" timestamp="2023-04-20T13:35:43 IST" skipped="0">
  <testcase classname="testng.script2" name="creatAccount" time="0.078"/>
  <system-out>
    <![CDATA[create account method excuted]]>
  </system-out>
  <testcase classname="testng.script2" name="editAccount" time="0.015"/>
  <system-out>
    <![CDATA[edit account method excuted]]>
  </system-out>
  <testcase classname="testng.script2" name="deleteAccount" time="0.017"/>
  <system-out>
    <![CDATA[delete account method excuted]]>
  </system-out>
  <testcase classname="testng.script2" name="cheackAccount" time="0.010"/>
  <system-out>
    <![CDATA[cheack account method excuted]]>
  </system-out>
</testsuite> <!-- testng.script2 -->
