<?xml version="1.0" encoding="UTF-8"?>
<!-- Generated by org.testng.reporters.JUnitReportReporter -->
<testsuite hostname="DESKTOP-ENJHGFM" failures="0" tests="3" name="functional_testScript.testscript1" time="0.105" errors="0" timestamp="2023-04-26T12:07:10 IST" skipped="0">
  <testcase classname="functional_testScript.testscript1" name="m1" time="0.070"/>
  <system-out>
    <![CDATA[functional testing testscript-01 valid testing]]>
  </system-out>
  <testcase classname="functional_testScript.testscript1" name="m2" time="0.023"/>
  <system-out>
    <![CDATA[functional testing testscript-01 invalid testing]]>
  </system-out>
  <testcase classname="functional_testScript.testscript1" name="m3" time="0.012"/>
  <system-out>
    <![CDATA[functional testing testscript-01 adhoc testing]]>
  </system-out>
</testsuite> <!-- functional_testScript.testscript1 -->
