<?xml version="1.0" encoding="UTF-8"?>
<!-- Generated by org.testng.reporters.JUnitReportReporter -->
<testsuite hostname="DESKTOP-ENJHGFM" failures="0" tests="1" name="selenimwithtestng.actitime3" time="45.512" errors="0" timestamp="2023-05-08T12:05:10 IST" skipped="0">
  <testcase classname="selenimwithtestng.actitime3" name="testForgotPassword" time="45.512"/>
  <system-out/>
</testsuite> <!-- selenimwithtestng.actitime3 -->
