<?xml version="1.0" encoding="UTF-8"?>
<!-- Generated by org.testng.reporters.JUnitReportReporter -->
<testsuite hostname="DESKTOP-ENJHGFM" failures="0" tests="3" name="testng.script1" time="0.098" errors="0" timestamp="2023-04-20T13:29:55 IST" skipped="0">
  <testcase classname="testng.script1" name="m1" time="0.074"/>
  <system-out>
    <![CDATA[Hi]]>
  </system-out>
  <testcase classname="testng.script1" name="m2" time="0.011"/>
  <system-out>
    <![CDATA[Hi]]>
  </system-out>
  <testcase classname="testng.script1" name="m3" time="0.013"/>
  <system-out>
    <![CDATA[Hi]]>
  </system-out>
</testsuite> <!-- testng.script1 -->
