<?xml version="1.0" encoding="UTF-8"?>
<!-- Generated by org.testng.reporters.JUnitReportReporter -->
<testsuite hostname="DESKTOP-ENJHGFM" failures="0" tests="5" name="testng.script4" time="0.140" errors="0" timestamp="2023-04-20T13:50:07 IST" skipped="0">
  <testcase classname="testng.script4" name="m1" time="0.088"/>
  <system-out>
    <![CDATA[m1 method executed]]>
  </system-out>
  <testcase classname="testng.script4" name="m2" time="0.011"/>
  <system-out>
    <![CDATA[m2 method executed]]>
  </system-out>
  <testcase classname="testng.script4" name="m5" time="0.013"/>
  <system-out>
    <![CDATA[m5 method executed]]>
  </system-out>
  <testcase classname="testng.script4" name="m3" time="0.015"/>
  <system-out>
    <![CDATA[m3 method executed]]>
  </system-out>
  <testcase classname="testng.script4" name="m4" time="0.013"/>
  <system-out>
    <![CDATA[m3 method executed]]>
  </system-out>
</testsuite> <!-- testng.script4 -->
