<?xml version="1.0" encoding="UTF-8"?>
<!-- Generated by org.testng.reporters.JUnitReportReporter -->
<testsuite hostname="DESKTOP-ENJHGFM" failures="0" tests="3" name="parameterization.ts1" time="0.205" errors="0" timestamp="2023-04-24T13:01:28 IST" skipped="0">
  <testcase classname="parameterization.ts1" name="testLogin" time="0.024"/>
  <system-out>
    <![CDATA[admin2
mnager2]]>
  </system-out>
  <testcase classname="parameterization.ts1" name="testLogin" time="0.167"/>
  <system-out>
    <![CDATA[admin1
manager1]]>
  </system-out>
  <testcase classname="parameterization.ts1" name="testLogin" time="0.014"/>
  <system-out>
    <![CDATA[admin3
manager3]]>
  </system-out>
</testsuite> <!-- parameterization.ts1 -->
