<?xml version="1.0" encoding="UTF-8"?>
<!-- Generated by org.testng.reporters.JUnitReportReporter -->
<testsuite hostname="DESKTOP-ENJHGFM" failures="0" tests="10" name="testng.script5" time="0.415" errors="0" timestamp="2023-04-20T13:53:34 IST" skipped="0">
  <testcase classname="testng.script5" name="sendSMS" time="0.034"/>
  <system-out>
    <![CDATA[SMS SEND]]>
  </system-out>
  <testcase classname="testng.script5" name="sendSMS" time="0.017"/>
  <system-out>
    <![CDATA[SMS SEND]]>
  </system-out>
  <testcase classname="testng.script5" name="sendSMS" time="0.030"/>
  <system-out>
    <![CDATA[SMS SEND]]>
  </system-out>
  <testcase classname="testng.script5" name="sendSMS" time="0.022"/>
  <system-out>
    <![CDATA[SMS SEND]]>
  </system-out>
  <testcase classname="testng.script5" name="sendSMS" time="0.122"/>
  <system-out>
    <![CDATA[SMS SEND]]>
  </system-out>
  <testcase classname="testng.script5" name="sendSMS" time="0.028"/>
  <system-out>
    <![CDATA[SMS SEND]]>
  </system-out>
  <testcase classname="testng.script5" name="sendSMS" time="0.036"/>
  <system-out>
    <![CDATA[SMS SEND]]>
  </system-out>
  <testcase classname="testng.script5" name="sendSMS" time="0.077"/>
  <system-out>
    <![CDATA[SMS SEND]]>
  </system-out>
  <testcase classname="testng.script5" name="sendSMS" time="0.017"/>
  <system-out>
    <![CDATA[SMS SEND]]>
  </system-out>
  <testcase classname="testng.script5" name="sendSMS" time="0.032"/>
  <system-out>
    <![CDATA[SMS SEND]]>
  </system-out>
</testsuite> <!-- testng.script5 -->
